# JRE version: OpenJDK Runtime Environment Temurin-17.0.13+11 (17.0.13+11) (build 17.0.13+11)
# Java VM: OpenJDK 64-Bit Server VM Temurin-17.0.13+11 (17.0.13+11, mixed mode, tiered, compressed oops, compressed class ptrs, parallel gc, windows-amd64)
GC Precious Log:
 CPUs: 16 total, 16 available
 Memory: 15773M
 Large Page Support: Disabled
 NUMA Support: Disabled
 Compressed Oops: Enabled (32-bit)
 Alignments: Space 512K, Generation 512K, Heap 2M
 Heap Min Capacity: 100M
 Heap Initial Capacity: 100M
 Heap Max Capacity: 1G
 Pre-touch: Disabled
 Parallel Workers: 13
Heap:
 PSYoungGen      total 14336K, used 4411K [0x00000000eab00000, 0x00000000ebd80000, 0x0000000100000000)
  eden space 13824K, 28% used [0x00000000eab00000,0x00000000eaed0fb0,0x00000000eb880000)
  from space 512K, 98% used [0x00000000ebd00000,0x00000000ebd7dfc8,0x00000000ebd80000)
  to   space 1024K, 0% used [0x00000000ebb80000,0x00000000ebb80000,0x00000000ebc80000)
 ParOldGen       total 68608K, used 37640K [0x00000000c0000000, 0x00000000c4300000, 0x00000000eab00000)
  object space 68608K, 54% used [0x00000000c0000000,0x00000000c24c2270,0x00000000c4300000)
 Metaspace       used 66045K, committed 67072K, reserved 1114112K
  class space    used 7670K, committed 8128K, reserved 1048576K
GC Heap History (20 events):
Event: 31.206 GC heap before
{Heap before GC invocations=22 (full 2):
 PSYoungGen      total 24064K, used 15344K [0x00000000eab00000, 0x00000000ec500000, 0x0000000100000000)
  eden space 22016K, 61% used [0x00000000eab00000,0x00000000eb836ad0,0x00000000ec080000)
  from space 2048K, 88% used [0x00000000ec100000,0x00000000ec2c56d0,0x00000000ec300000)
  to   space 2048K, 0% used [0x00000000ec300000,0x00000000ec300000,0x00000000ec500000)
 ParOldGen       total 68608K, used 23485K [0x00000000c0000000, 0x00000000c4300000, 0x00000000eab00000)
  object space 68608K, 34% used [0x00000000c0000000,0x00000000c16ef4a0,0x00000000c4300000)
 Metaspace       used 58848K, committed 59776K, reserved 1114112K
  class space    used 6530K, committed 6912K, reserved 1048576K
}
Event: 31.210 GC heap after
{Heap after GC invocations=22 (full 2):
 PSYoungGen      total 15872K, used 2027K [0x00000000eab00000, 0x00000000ed580000, 0x0000000100000000)
  eden space 13824K, 0% used [0x00000000eab00000,0x00000000eab00000,0x00000000eb880000)
  from space 2048K, 99% used [0x00000000ec300000,0x00000000ec4faee0,0x00000000ec500000)
  to   space 10752K, 0% used [0x00000000eb880000,0x00000000eb880000,0x00000000ec300000)
 ParOldGen       total 68608K, used 30699K [0x00000000c0000000, 0x00000000c4300000, 0x00000000eab00000)
  object space 68608K, 44% used [0x00000000c0000000,0x00000000c1dfac48,0x00000000c4300000)
 Metaspace       used 58848K, committed 59776K, reserved 1114112K
  class space    used 6530K, committed 6912K, reserved 1048576K
}
Event: 31.210 GC heap before
{Heap before GC invocations=23 (full 3):
 PSYoungGen      total 15872K, used 2027K [0x00000000eab00000, 0x00000000ed580000, 0x0000000100000000)
  eden space 13824K, 0% used [0x00000000eab00000,0x00000000eab00000,0x00000000eb880000)
  from space 2048K, 99% used [0x00000000ec300000,0x00000000ec4faee0,0x00000000ec500000)
  to   space 10752K, 0% used [0x00000000eb880000,0x00000000eb880000,0x00000000ec300000)
 ParOldGen       total 68608K, used 30699K [0x00000000c0000000, 0x00000000c4300000, 0x00000000eab00000)
  object space 68608K, 44% used [0x00000000c0000000,0x00000000c1dfac48,0x00000000c4300000)
 Metaspace       used 58848K, committed 59776K, reserved 1114112K
  class space    used 6530K, committed 6912K, reserved 1048576K
}
Event: 31.252 GC heap after
{Heap after GC invocations=23 (full 3):
 PSYoungGen      total 15872K, used 0K [0x00000000eab00000, 0x00000000ed580000, 0x0000000100000000)
  eden space 13824K, 0% used [0x00000000eab00000,0x00000000eab00000,0x00000000eb880000)
  from space 2048K, 0% used [0x00000000ec300000,0x00000000ec300000,0x00000000ec500000)
  to   space 10752K, 0% used [0x00000000eb880000,0x00000000eb880000,0x00000000ec300000)
 ParOldGen       total 68608K, used 31270K [0x00000000c0000000, 0x00000000c4300000, 0x00000000eab00000)
  object space 68608K, 45% used [0x00000000c0000000,0x00000000c1e89888,0x00000000c4300000)
 Metaspace       used 58848K, committed 59776K, reserved 1114112K
  class space    used 6530K, committed 6912K, reserved 1048576K
}
Event: 31.656 GC heap before
{Heap before GC invocations=24 (full 3):
 PSYoungGen      total 15872K, used 13824K [0x00000000eab00000, 0x00000000ed580000, 0x0000000100000000)
  eden space 13824K, 100% used [0x00000000eab00000,0x00000000eb880000,0x00000000eb880000)
  from space 2048K, 0% used [0x00000000ec300000,0x00000000ec300000,0x00000000ec500000)
  to   space 10752K, 0% used [0x00000000eb880000,0x00000000eb880000,0x00000000ec300000)
 ParOldGen       total 68608K, used 31270K [0x00000000c0000000, 0x00000000c4300000, 0x00000000eab00000)
  object space 68608K, 45% used [0x00000000c0000000,0x00000000c1e89888,0x00000000c4300000)
 Metaspace       used 59822K, committed 60800K, reserved 1114112K
  class space    used 6714K, committed 7104K, reserved 1048576K
}
Event: 31.658 GC heap after
{Heap after GC invocations=24 (full 3):
 PSYoungGen      total 14848K, used 704K [0x00000000eab00000, 0x00000000ec380000, 0x0000000100000000)
  eden space 13824K, 0% used [0x00000000eab00000,0x00000000eab00000,0x00000000eb880000)
  from space 1024K, 68% used [0x00000000eb880000,0x00000000eb930000,0x00000000eb980000)
  to   space 4096K, 0% used [0x00000000ebf80000,0x00000000ebf80000,0x00000000ec380000)
 ParOldGen       total 68608K, used 31270K [0x00000000c0000000, 0x00000000c4300000, 0x00000000eab00000)
  object space 68608K, 45% used [0x00000000c0000000,0x00000000c1e89888,0x00000000c4300000)
 Metaspace       used 59822K, committed 60800K, reserved 1114112K
  class space    used 6714K, committed 7104K, reserved 1048576K
}
Event: 32.402 GC heap before
{Heap before GC invocations=25 (full 3):
 PSYoungGen      total 14848K, used 14444K [0x00000000eab00000, 0x00000000ec380000, 0x0000000100000000)
  eden space 13824K, 99% used [0x00000000eab00000,0x00000000eb86b310,0x00000000eb880000)
  from space 1024K, 68% used [0x00000000eb880000,0x00000000eb930000,0x00000000eb980000)
  to   space 4096K, 0% used [0x00000000ebf80000,0x00000000ebf80000,0x00000000ec380000)
 ParOldGen       total 68608K, used 31270K [0x00000000c0000000, 0x00000000c4300000, 0x00000000eab00000)
  object space 68608K, 45% used [0x00000000c0000000,0x00000000c1e89888,0x00000000c4300000)
 Metaspace       used 60444K, committed 61440K, reserved 1114112K
  class space    used 6796K, committed 7232K, reserved 1048576K
}
Event: 32.404 GC heap after
{Heap after GC invocations=25 (full 3):
 PSYoungGen      total 14848K, used 640K [0x00000000eab00000, 0x00000000ec080000, 0x0000000100000000)
  eden space 13824K, 0% used [0x00000000eab00000,0x00000000eab00000,0x00000000eb880000)
  from space 1024K, 62% used [0x00000000ebf80000,0x00000000ec020000,0x00000000ec080000)
  to   space 1536K, 0% used [0x00000000ebd80000,0x00000000ebd80000,0x00000000ebf00000)
 ParOldGen       total 68608K, used 31794K [0x00000000c0000000, 0x00000000c4300000, 0x00000000eab00000)
  object space 68608K, 46% used [0x00000000c0000000,0x00000000c1f0c8a8,0x00000000c4300000)
 Metaspace       used 60444K, committed 61440K, reserved 1114112K
  class space    used 6796K, committed 7232K, reserved 1048576K
}
Event: 38.739 GC heap before
{Heap before GC invocations=26 (full 3):
 PSYoungGen      total 14848K, used 14464K [0x00000000eab00000, 0x00000000ec080000, 0x0000000100000000)
  eden space 13824K, 100% used [0x00000000eab00000,0x00000000eb880000,0x00000000eb880000)
  from space 1024K, 62% used [0x00000000ebf80000,0x00000000ec020000,0x00000000ec080000)
  to   space 1536K, 0% used [0x00000000ebd80000,0x00000000ebd80000,0x00000000ebf00000)
 ParOldGen       total 68608K, used 31794K [0x00000000c0000000, 0x00000000c4300000, 0x00000000eab00000)
  object space 68608K, 46% used [0x00000000c0000000,0x00000000c1f0c8a8,0x00000000c4300000)
 Metaspace       used 60458K, committed 61440K, reserved 1114112K
  class space    used 6797K, committed 7232K, reserved 1048576K
}
Event: 38.740 GC heap after
{Heap after GC invocations=26 (full 3):
 PSYoungGen      total 15360K, used 352K [0x00000000eab00000, 0x00000000ec000000, 0x0000000100000000)
  eden space 13824K, 0% used [0x00000000eab00000,0x00000000eab00000,0x00000000eb880000)
  from space 1536K, 22% used [0x00000000ebd80000,0x00000000ebdd8000,0x00000000ebf00000)
  to   space 1024K, 0% used [0x00000000ebf00000,0x00000000ebf00000,0x00000000ec000000)
 ParOldGen       total 68608K, used 32203K [0x00000000c0000000, 0x00000000c4300000, 0x00000000eab00000)
  object space 68608K, 46% used [0x00000000c0000000,0x00000000c1f72c48,0x00000000c4300000)
 Metaspace       used 60458K, committed 61440K, reserved 1114112K
  class space    used 6797K, committed 7232K, reserved 1048576K
}
Event: 44.539 GC heap before
{Heap before GC invocations=27 (full 3):
 PSYoungGen      total 15360K, used 14176K [0x00000000eab00000, 0x00000000ec000000, 0x0000000100000000)
  eden space 13824K, 100% used [0x00000000eab00000,0x00000000eb880000,0x00000000eb880000)
  from space 1536K, 22% used [0x00000000ebd80000,0x00000000ebdd8000,0x00000000ebf00000)
  to   space 1024K, 0% used [0x00000000ebf00000,0x00000000ebf00000,0x00000000ec000000)
 ParOldGen       total 68608K, used 32203K [0x00000000c0000000, 0x00000000c4300000, 0x00000000eab00000)
  object space 68608K, 46% used [0x00000000c0000000,0x00000000c1f72c48,0x00000000c4300000)
 Metaspace       used 60526K, committed 61504K, reserved 1114112K
  class space    used 6809K, committed 7232K, reserved 1048576K
}
Event: 44.542 GC heap after
{Heap after GC invocations=27 (full 3):
 PSYoungGen      total 14848K, used 1021K [0x00000000eab00000, 0x00000000ec280000, 0x0000000100000000)
  eden space 13824K, 0% used [0x00000000eab00000,0x00000000eab00000,0x00000000eb880000)
  from space 1024K, 99% used [0x00000000ebf00000,0x00000000ebfff680,0x00000000ec000000)
  to   space 5120K, 0% used [0x00000000eb880000,0x00000000eb880000,0x00000000ebd80000)
 ParOldGen       total 68608K, used 35343K [0x00000000c0000000, 0x00000000c4300000, 0x00000000eab00000)
  object space 68608K, 51% used [0x00000000c0000000,0x00000000c2283eb0,0x00000000c4300000)
 Metaspace       used 60526K, committed 61504K, reserved 1114112K
  class space    used 6809K, committed 7232K, reserved 1048576K
}
Event: 44.802 GC heap before
{Heap before GC invocations=28 (full 3):
 PSYoungGen      total 14848K, used 14845K [0x00000000eab00000, 0x00000000ec280000, 0x0000000100000000)
  eden space 13824K, 100% used [0x00000000eab00000,0x00000000eb880000,0x00000000eb880000)
  from space 1024K, 99% used [0x00000000ebf00000,0x00000000ebfff680,0x00000000ec000000)
  to   space 5120K, 0% used [0x00000000eb880000,0x00000000eb880000,0x00000000ebd80000)
 ParOldGen       total 68608K, used 35343K [0x00000000c0000000, 0x00000000c4300000, 0x00000000eab00000)
  object space 68608K, 51% used [0x00000000c0000000,0x00000000c2283eb0,0x00000000c4300000)
 Metaspace       used 61556K, committed 62528K, reserved 1114112K
  class space    used 7016K, committed 7424K, reserved 1048576K
}
Event: 44.804 GC heap after
{Heap after GC invocations=28 (full 3):
 PSYoungGen      total 18944K, used 768K [0x00000000eab00000, 0x00000000ebf80000, 0x0000000100000000)
  eden space 13824K, 0% used [0x00000000eab00000,0x00000000eab00000,0x00000000eb880000)
  from space 5120K, 15% used [0x00000000eb880000,0x00000000eb940020,0x00000000ebd80000)
  to   space 2048K, 0% used [0x00000000ebd80000,0x00000000ebd80000,0x00000000ebf80000)
 ParOldGen       total 68608K, used 36377K [0x00000000c0000000, 0x00000000c4300000, 0x00000000eab00000)
  object space 68608K, 53% used [0x00000000c0000000,0x00000000c2386500,0x00000000c4300000)
 Metaspace       used 61556K, committed 62528K, reserved 1114112K
  class space    used 7016K, committed 7424K, reserved 1048576K
}
Event: 45.049 GC heap before
{Heap before GC invocations=29 (full 3):
 PSYoungGen      total 18944K, used 14592K [0x00000000eab00000, 0x00000000ebf80000, 0x0000000100000000)
  eden space 13824K, 100% used [0x00000000eab00000,0x00000000eb880000,0x00000000eb880000)
  from space 5120K, 15% used [0x00000000eb880000,0x00000000eb940020,0x00000000ebd80000)
  to   space 2048K, 0% used [0x00000000ebd80000,0x00000000ebd80000,0x00000000ebf80000)
 ParOldGen       total 68608K, used 36377K [0x00000000c0000000, 0x00000000c4300000, 0x00000000eab00000)
  object space 68608K, 53% used [0x00000000c0000000,0x00000000c2386500,0x00000000c4300000)
 Metaspace       used 62997K, committed 64000K, reserved 1114112K
  class space    used 7250K, committed 7680K, reserved 1048576K
}
Event: 45.050 GC heap after
{Heap after GC invocations=29 (full 3):
 PSYoungGen      total 14336K, used 512K [0x00000000eab00000, 0x00000000ebe00000, 0x0000000100000000)
  eden space 13824K, 0% used [0x00000000eab00000,0x00000000eab00000,0x00000000eb880000)
  from space 512K, 100% used [0x00000000ebd80000,0x00000000ebe00000,0x00000000ebe00000)
  to   space 1024K, 0% used [0x00000000ebc00000,0x00000000ebc00000,0x00000000ebd00000)
 ParOldGen       total 68608K, used 36937K [0x00000000c0000000, 0x00000000c4300000, 0x00000000eab00000)
  object space 68608K, 53% used [0x00000000c0000000,0x00000000c2412550,0x00000000c4300000)
 Metaspace       used 62997K, committed 64000K, reserved 1114112K
  class space    used 7250K, committed 7680K, reserved 1048576K
}
Event: 46.197 GC heap before
{Heap before GC invocations=30 (full 3):
 PSYoungGen      total 14336K, used 14336K [0x00000000eab00000, 0x00000000ebe00000, 0x0000000100000000)
  eden space 13824K, 100% used [0x00000000eab00000,0x00000000eb880000,0x00000000eb880000)
  from space 512K, 100% used [0x00000000ebd80000,0x00000000ebe00000,0x00000000ebe00000)
  to   space 1024K, 0% used [0x00000000ebc00000,0x00000000ebc00000,0x00000000ebd00000)
 ParOldGen       total 68608K, used 36937K [0x00000000c0000000, 0x00000000c4300000, 0x00000000eab00000)
  object space 68608K, 53% used [0x00000000c0000000,0x00000000c2412550,0x00000000c4300000)
 Metaspace       used 64438K, committed 65408K, reserved 1114112K
  class space    used 7462K, committed 7872K, reserved 1048576K
}
Event: 46.198 GC heap after
{Heap after GC invocations=30 (full 3):
 PSYoungGen      total 14848K, used 608K [0x00000000eab00000, 0x00000000ebe00000, 0x0000000100000000)
  eden space 13824K, 0% used [0x00000000eab00000,0x00000000eab00000,0x00000000eb880000)
  from space 1024K, 59% used [0x00000000ebc00000,0x00000000ebc98000,0x00000000ebd00000)
  to   space 1024K, 0% used [0x00000000ebd00000,0x00000000ebd00000,0x00000000ebe00000)
 ParOldGen       total 68608K, used 37265K [0x00000000c0000000, 0x00000000c4300000, 0x00000000eab00000)
  object space 68608K, 54% used [0x00000000c0000000,0x00000000c2464560,0x00000000c4300000)
 Metaspace       used 64438K, committed 65408K, reserved 1114112K
  class space    used 7462K, committed 7872K, reserved 1048576K
}
Event: 90.037 GC heap before
{Heap before GC invocations=31 (full 3):
 PSYoungGen      total 14848K, used 14432K [0x00000000eab00000, 0x00000000ebe00000, 0x0000000100000000)
  eden space 13824K, 100% used [0x00000000eab00000,0x00000000eb880000,0x00000000eb880000)
  from space 1024K, 59% used [0x00000000ebc00000,0x00000000ebc98000,0x00000000ebd00000)
  to   space 1024K, 0% used [0x00000000ebd00000,0x00000000ebd00000,0x00000000ebe00000)
 ParOldGen       total 68608K, used 37265K [0x00000000c0000000, 0x00000000c4300000, 0x00000000eab00000)
  object space 68608K, 54% used [0x00000000c0000000,0x00000000c2464560,0x00000000c4300000)
 Metaspace       used 65620K, committed 66752K, reserved 1114112K
  class space    used 7611K, committed 8128K, reserved 1048576K
}
Event: 90.039 GC heap after
{Heap after GC invocations=31 (full 3):
 PSYoungGen      total 14336K, used 503K [0x00000000eab00000, 0x00000000ebd80000, 0x0000000100000000)
  eden space 13824K, 0% used [0x00000000eab00000,0x00000000eab00000,0x00000000eb880000)
  from space 512K, 98% used [0x00000000ebd00000,0x00000000ebd7dfc8,0x00000000ebd80000)
  to   space 1024K, 0% used [0x00000000ebb80000,0x00000000ebb80000,0x00000000ebc80000)
 ParOldGen       total 68608K, used 37640K [0x00000000c0000000, 0x00000000c4300000, 0x00000000eab00000)
  object space 68608K, 54% used [0x00000000c0000000,0x00000000c24c2270,0x00000000c4300000)
 Metaspace       used 65620K, committed 66752K, reserved 1114112K
  class space    used 7611K, committed 8128K, reserved 1048576K
}

